<?xml version="1.0" encoding="UTF-8"?>
<testng-results skipped="0" failed="1" ignored="0" total="2" passed="1">
  <reporter-output>
  </reporter-output>
  <suite name="Default suite" duration-ms="66415" started-at="2020-12-05T04:39:07Z" finished-at="2020-12-05T04:40:13Z">
    <groups>
    </groups>
    <test name="Default test" duration-ms="66415" started-at="2020-12-05T04:39:07Z" finished-at="2020-12-05T04:40:13Z">
      <class name="com.facebook.testcases.LogInPageTest">
        <test-method status="PASS" signature="setExtent()[pri:0, instance:com.facebook.testcases.LogInPageTest@3d299e3]" name="setExtent" is-config="true" duration-ms="260" started-at="2020-12-05T10:09:07Z" finished-at="2020-12-05T10:09:07Z">
          <reporter-output>
          </reporter-output>
        </test-method> <!-- setExtent -->
        <test-method status="PASS" signature="setup()[pri:0, instance:com.facebook.testcases.LogInPageTest@3d299e3]" name="setup" is-config="true" duration-ms="15439" started-at="2020-12-05T10:09:07Z" finished-at="2020-12-05T10:09:23Z">
          <reporter-output>
          </reporter-output>
        </test-method> <!-- setup -->
        <test-method status="FAIL" signature="LogInTestForCorrectUserNameAndPassword()[pri:1, instance:com.facebook.testcases.LogInPageTest@3d299e3]" name="LogInTestForCorrectUserNameAndPassword" duration-ms="30914" started-at="2020-12-05T10:09:23Z" finished-at="2020-12-05T10:09:54Z">
          <exception class="org.openqa.selenium.NoSuchElementException">
            <message>
              <![CDATA[no such element: Unable to locate element: {"method":"xpath","selector":"//html[@id='facebook']/body/div[1]/div/div[1]/div[1]/div[3]/div/div/div[1]//div[@role='navigation']/div/div/div[1]/div/div/div[@class='buofh1pr']/ul/li/div/a[@role='link']/div[1]/div[2]/div"}
  (Session info: chrome=87.0.4280.88)
For documentation on this error, please visit: https://www.seleniumhq.org/exceptions/no_such_element.html
Build info: version: '3.141.59', revision: 'e82be7d358', time: '2018-11-14T08:17:03'
System info: host: 'USER-PC', ip: '192.168.43.188', os.name: 'Windows 7', os.arch: 'amd64', os.version: '6.1', java.version: '1.8.0_162'
Driver info: org.openqa.selenium.chrome.ChromeDriver
Capabilities {acceptInsecureCerts: false, browserName: chrome, browserVersion: 87.0.4280.88, chrome: {chromedriverVersion: 87.0.4280.88 (89e2380a3e36c..., userDataDir: C:\Users\user\AppData\Local...}, goog:chromeOptions: {debuggerAddress: localhost:6190}, javascriptEnabled: true, networkConnectionEnabled: false, pageLoadStrategy: normal, platform: WINDOWS, platformName: WINDOWS, proxy: Proxy(), setWindowRect: true, strictFileInteractability: false, timeouts: {implicit: 0, pageLoad: 300000, script: 30000}, unhandledPromptBehavior: dismiss and notify, webauthn:virtualAuthenticators: true}
Session ID: 4039d92d3d10f99a31c55f9c8d761f7f
*** Element info: {Using=xpath, value=//html[@id='facebook']/body/div[1]/div/div[1]/div[1]/div[3]/div/div/div[1]//div[@role='navigation']/div/div/div[1]/div/div/div[@class='buofh1pr']/ul/li/div/a[@role='link']/div[1]/div[2]/div}]]>
            </message>
            <full-stacktrace>
              <![CDATA[org.openqa.selenium.NoSuchElementException: no such element: Unable to locate element: {"method":"xpath","selector":"//html[@id='facebook']/body/div[1]/div/div[1]/div[1]/div[3]/div/div/div[1]//div[@role='navigation']/div/div/div[1]/div/div/div[@class='buofh1pr']/ul/li/div/a[@role='link']/div[1]/div[2]/div"}
  (Session info: chrome=87.0.4280.88)
For documentation on this error, please visit: https://www.seleniumhq.org/exceptions/no_such_element.html
Build info: version: '3.141.59', revision: 'e82be7d358', time: '2018-11-14T08:17:03'
System info: host: 'USER-PC', ip: '192.168.43.188', os.name: 'Windows 7', os.arch: 'amd64', os.version: '6.1', java.version: '1.8.0_162'
Driver info: org.openqa.selenium.chrome.ChromeDriver
Capabilities {acceptInsecureCerts: false, browserName: chrome, browserVersion: 87.0.4280.88, chrome: {chromedriverVersion: 87.0.4280.88 (89e2380a3e36c..., userDataDir: C:\Users\user\AppData\Local...}, goog:chromeOptions: {debuggerAddress: localhost:6190}, javascriptEnabled: true, networkConnectionEnabled: false, pageLoadStrategy: normal, platform: WINDOWS, platformName: WINDOWS, proxy: Proxy(), setWindowRect: true, strictFileInteractability: false, timeouts: {implicit: 0, pageLoad: 300000, script: 30000}, unhandledPromptBehavior: dismiss and notify, webauthn:virtualAuthenticators: true}
Session ID: 4039d92d3d10f99a31c55f9c8d761f7f
*** Element info: {Using=xpath, value=//html[@id='facebook']/body/div[1]/div/div[1]/div[1]/div[3]/div/div/div[1]//div[@role='navigation']/div/div/div[1]/div/div/div[@class='buofh1pr']/ul/li/div/a[@role='link']/div[1]/div[2]/div}
	at sun.reflect.NativeConstructorAccessorImpl.newInstance0(Native Method)
	at sun.reflect.NativeConstructorAccessorImpl.newInstance(NativeConstructorAccessorImpl.java:62)
	at sun.reflect.DelegatingConstructorAccessorImpl.newInstance(DelegatingConstructorAccessorImpl.java:45)
	at java.lang.reflect.Constructor.newInstance(Constructor.java:423)
	at org.openqa.selenium.remote.http.W3CHttpResponseCodec.createException(W3CHttpResponseCodec.java:187)
	at org.openqa.selenium.remote.http.W3CHttpResponseCodec.decode(W3CHttpResponseCodec.java:122)
	at org.openqa.selenium.remote.http.W3CHttpResponseCodec.decode(W3CHttpResponseCodec.java:49)
	at org.openqa.selenium.remote.HttpCommandExecutor.execute(HttpCommandExecutor.java:158)
	at org.openqa.selenium.remote.service.DriverCommandExecutor.execute(DriverCommandExecutor.java:83)
	at org.openqa.selenium.remote.RemoteWebDriver.execute(RemoteWebDriver.java:552)
	at org.openqa.selenium.remote.RemoteWebDriver.findElement(RemoteWebDriver.java:323)
	at org.openqa.selenium.remote.RemoteWebDriver.findElementByXPath(RemoteWebDriver.java:428)
	at org.openqa.selenium.By$ByXPath.findElement(By.java:353)
	at org.openqa.selenium.remote.RemoteWebDriver.findElement(RemoteWebDriver.java:315)
	at org.openqa.selenium.support.pagefactory.DefaultElementLocator.findElement(DefaultElementLocator.java:69)
	at org.openqa.selenium.support.pagefactory.internal.LocatingElementHandler.invoke(LocatingElementHandler.java:38)
	at com.sun.proxy.$Proxy11.getText(Unknown Source)
	at com.facebook.pages.LogInPage.NameGetText(LogInPage.java:66)
	at com.facebook.testcases.LogInPageTest.LogInTestForCorrectUserNameAndPassword(LogInPageTest.java:67)
	at sun.reflect.NativeMethodAccessorImpl.invoke0(Native Method)
	at sun.reflect.NativeMethodAccessorImpl.invoke(NativeMethodAccessorImpl.java:62)
	at sun.reflect.DelegatingMethodAccessorImpl.invoke(DelegatingMethodAccessorImpl.java:43)
	at java.lang.reflect.Method.invoke(Method.java:498)
	at org.testng.internal.MethodInvocationHelper.invokeMethod(MethodInvocationHelper.java:108)
	at org.testng.internal.Invoker.invokeMethod(Invoker.java:661)
	at org.testng.internal.Invoker.invokeTestMethod(Invoker.java:869)
	at org.testng.internal.Invoker.invokeTestMethods(Invoker.java:1193)
	at org.testng.internal.TestMethodWorker.invokeTestMethods(TestMethodWorker.java:126)
	at org.testng.internal.TestMethodWorker.run(TestMethodWorker.java:109)
	at org.testng.TestRunner.privateRun(TestRunner.java:744)
	at org.testng.TestRunner.run(TestRunner.java:602)
	at org.testng.SuiteRunner.runTest(SuiteRunner.java:380)
	at org.testng.SuiteRunner.runSequentially(SuiteRunner.java:375)
	at org.testng.SuiteRunner.privateRun(SuiteRunner.java:340)
	at org.testng.SuiteRunner.run(SuiteRunner.java:289)
	at org.testng.SuiteRunnerWorker.runSuite(SuiteRunnerWorker.java:52)
	at org.testng.SuiteRunnerWorker.run(SuiteRunnerWorker.java:86)
	at org.testng.TestNG.runSuitesSequentially(TestNG.java:1301)
	at org.testng.TestNG.runSuitesLocally(TestNG.java:1226)
	at org.testng.TestNG.runSuites(TestNG.java:1144)
	at org.testng.TestNG.run(TestNG.java:1115)
	at org.testng.remote.AbstractRemoteTestNG.run(AbstractRemoteTestNG.java:115)
	at org.testng.remote.RemoteTestNG.initAndRun(RemoteTestNG.java:251)
	at org.testng.remote.RemoteTestNG.main(RemoteTestNG.java:77)
]]>
            </full-stacktrace>
          </exception> <!-- org.openqa.selenium.NoSuchElementException -->
          <reporter-output>
          </reporter-output>
        </test-method> <!-- LogInTestForCorrectUserNameAndPassword -->
        <test-method status="PASS" signature="teardown(org.testng.ITestResult)[pri:0, instance:com.facebook.testcases.LogInPageTest@3d299e3]" name="teardown" is-config="true" duration-ms="1084" started-at="2020-12-05T10:09:54Z" finished-at="2020-12-05T10:09:55Z">
          <params>
            <param index="0">
              <value>
                <![CDATA[[TestResult name=LogInTestForCorrectUserNameAndPassword status=FAILURE method=LogInPageTest.LogInTestForCorrectUserNameAndPassword()[pri:1, instance:com.facebook.testcases.LogInPageTest@3d299e3] output={null}]]]>
              </value>
            </param>
          </params>
          <reporter-output>
          </reporter-output>
        </test-method> <!-- teardown -->
        <test-method status="PASS" signature="setup()[pri:0, instance:com.facebook.testcases.LogInPageTest@3d299e3]" name="setup" is-config="true" duration-ms="8177" started-at="2020-12-05T10:09:55Z" finished-at="2020-12-05T10:10:03Z">
          <reporter-output>
          </reporter-output>
        </test-method> <!-- setup -->
        <test-method status="PASS" signature="LogInTestForWrongUserNameAndWrongPassword()[pri:2, instance:com.facebook.testcases.LogInPageTest@3d299e3]" name="LogInTestForWrongUserNameAndWrongPassword" duration-ms="8554" started-at="2020-12-05T10:10:03Z" finished-at="2020-12-05T10:10:11Z">
          <reporter-output>
          </reporter-output>
        </test-method> <!-- LogInTestForWrongUserNameAndWrongPassword -->
        <test-method status="PASS" signature="teardown(org.testng.ITestResult)[pri:0, instance:com.facebook.testcases.LogInPageTest@3d299e3]" name="teardown" is-config="true" duration-ms="1396" started-at="2020-12-05T10:10:11Z" finished-at="2020-12-05T10:10:13Z">
          <params>
            <param index="0">
              <value>
                <![CDATA[[TestResult name=LogInTestForWrongUserNameAndWrongPassword status=SUCCESS method=LogInPageTest.LogInTestForWrongUserNameAndWrongPassword()[pri:2, instance:com.facebook.testcases.LogInPageTest@3d299e3] output={null}]]]>
              </value>
            </param>
          </params>
          <reporter-output>
          </reporter-output>
        </test-method> <!-- teardown -->
        <test-method status="PASS" signature="endReport()[pri:0, instance:com.facebook.testcases.LogInPageTest@3d299e3]" name="endReport" is-config="true" duration-ms="551" started-at="2020-12-05T10:10:13Z" finished-at="2020-12-05T10:10:13Z">
          <reporter-output>
          </reporter-output>
        </test-method> <!-- endReport -->
      </class> <!-- com.facebook.testcases.LogInPageTest -->
    </test> <!-- Default test -->
  </suite> <!-- Default suite -->
</testng-results>
